<!DOCTYPE html PUBLIC "-//W3C//DTD XHTML 1.1//EN" "https://www.w3.org/TR/xhtml11/DTD/xhtml11.dtd">
<html xmlns="https://www.w3.org/1999/xhtml">
<head>
<meta http-equiv="content-type" content="text/html; charset=UTF-8"/>
<title>TestNG Report</title>
<style type="text/css">table {margin-bottom:10px;border-collapse:collapse;empty-cells:show}th,td {border:1px solid #009;padding:.25em .5em}th {vertical-align:bottom}td {vertical-align:top}table a {font-weight:bold}.stripe td {background-color: #E6EBF9}.num {text-align:right}.passedodd td {background-color: #3F3}.passedeven td {background-color: #0A0}.skippedodd td {background-color: #DDD}.skippedeven td {background-color: #CCC}.failedodd td,.attn {background-color: #F33}.failedeven td,.stripe .attn {background-color: #D00}.stacktrace {white-space:pre;font-family:monospace}.totop {font-size:85%;text-align:center;border-bottom:2px solid #000}.invisible {display:none}</style>
</head>
<body>
<table>
<tr><th>Test</th><th># Passed</th><th># Skipped</th><th># Retried</th><th># Failed</th><th>Time (ms)</th><th>Included Groups</th><th>Excluded Groups</th></tr>
<<<<<<< HEAD
<tr><th colspan="8">Default suite</th></tr>
<tr><td><a href="#t0">Default test</a></td><td class="num">1</td><td class="num">0</td><td class="num">0</td><td class="num">0</td><td class="num">11,957</td><td></td><td></td></tr>
</table>
<table id='summary'><thead><tr><th>Class</th><th>Method</th><th>Start</th><th>Time (ms)</th></tr></thead><tbody><tr><th colspan="4">Default suite</th></tr></tbody><tbody id="t0"><tr><th colspan="4">Default test &#8212; passed</th></tr><tr class="passedeven"><td rowspan="1">tests.CartTest</td><td><a href="#m0">verifyRemoveProductFromCart</a></td><td rowspan="1">1771217455608</td><td rowspan="1">5945</td></tr></tbody>
</table>
<h2>Default test</h2><h3 id="m0">tests.CartTest#verifyRemoveProductFromCart</h3><table class="result"><tr><th class="invisible"/></tr></table><p class="totop"><a href="#summary">back to summary</a></p>
=======
<tr><th colspan="8">AutomationSuite</th></tr>
<tr><td><a href="#t0">RegressionTests</a></td><td class="num">19</td><td class="num">0</td><td class="num">0</td><td class="num attn">2</td><td class="num">267,350</td><td></td><td></td></tr>
</table>
<table id='summary'><thead><tr><th>Class</th><th>Method</th><th>Start</th><th>Time (ms)</th></tr></thead><tbody><tr><th colspan="4">AutomationSuite</th></tr></tbody><tbody id="t0"><tr><th colspan="4">RegressionTests &#8212; failed</th></tr><tr class="failedeven"><td rowspan="1">tests.ContactUsTest</td><td><a href="#m0">verifyContactUsFormSubmission</a></td><td rowspan="1">1771265997080</td><td rowspan="1">7142</td></tr><tr class="failedodd"><td rowspan="1">tests.ProductsTest</td><td><a href="#m1">verifyAddToCartFunctionality</a></td><td rowspan="1">1771266110043</td><td rowspan="1">15139</td></tr><tr><th colspan="4">RegressionTests &#8212; passed</th></tr><tr class="passedeven"><td rowspan="3">tests.CartTest</td><td><a href="#m2">verifyCartPageNavigation</a></td><td rowspan="1">1771266223634</td><td rowspan="1">1030</td></tr><tr class="passedeven"><td><a href="#m3">verifyProductDetailsInCart</a></td><td rowspan="1">1771266227689</td><td rowspan="1">7674</td></tr><tr class="passedeven"><td><a href="#m4">verifyRemoveProductFromCart</a></td><td rowspan="1">1771266242205</td><td rowspan="1">6084</td></tr><tr class="passedodd"><td rowspan="4">tests.ContactUsTest</td><td><a href="#m5">verifyContactUsPageLoads</a></td><td rowspan="1">1771266012149</td><td rowspan="1">2243</td></tr><tr class="passedodd"><td><a href="#m6">verifyFileUploadFieldEnabled</a></td><td rowspan="1">1771266021546</td><td rowspan="1">2306</td></tr><tr class="passedodd"><td><a href="#m7">verifyFormSubmissionWithoutData</a></td><td rowspan="1">1771266030936</td><td rowspan="1">3196</td></tr><tr class="passedodd"><td><a href="#m8">verifyInvalidEmailFormat</a></td><td rowspan="1">1771266049491</td><td rowspan="1">5516</td></tr><tr class="passedeven"><td rowspan="5">tests.HomePageTest</td><td><a href="#m9">verifyCategorySectionVisible</a></td><td rowspan="1">1771266063475</td><td rowspan="1">47</td></tr><tr class="passedeven"><td><a href="#m10">verifyFeaturedItemsSection</a></td><td rowspan="1">1771266072635</td><td rowspan="1">42</td></tr><tr class="passedeven"><td><a href="#m11">verifyFooterVisible</a></td><td rowspan="1">1771266085774</td><td rowspan="1">104</td></tr><tr class="passedeven"><td><a href="#m12">verifyHomePageLoaded</a></td><td rowspan="1">1771266095967</td><td rowspan="1">43</td></tr><tr class="passedeven"><td><a href="#m13">verifyScrollUpFeature</a></td><td rowspan="1">1771266102618</td><td rowspan="1">387</td></tr><tr class="passedodd"><td rowspan="3">tests.LoginTest</td><td><a href="#m14">verifyLoginWithInvalidCredentials</a></td><td rowspan="1">1771266192764</td><td rowspan="1">2078</td></tr><tr class="passedodd"><td><a href="#m15">verifyLoginWithValidCredentials</a></td><td rowspan="1">1771266178579</td><td rowspan="1">5640</td></tr><tr class="passedodd"><td><a href="#m16">verifyLogoutFunctionality</a></td><td rowspan="1">1771266208083</td><td rowspan="1">8464</td></tr><tr class="passedeven"><td rowspan="4">tests.ProductsTest</td><td><a href="#m17">verifyAllProductsDisplayed</a></td><td rowspan="1">1771266132646</td><td rowspan="1">4085</td></tr><tr class="passedeven"><td><a href="#m18">verifyProductsPageLoads</a></td><td rowspan="1">1771266145419</td><td rowspan="1">338</td></tr><tr class="passedeven"><td><a href="#m19">verifySearchProduct</a></td><td rowspan="1">1771266152649</td><td rowspan="1">6490</td></tr><tr class="passedeven"><td><a href="#m20">verifyViewProductNavigation</a></td><td rowspan="1">1771266165810</td><td rowspan="1">4752</td></tr></tbody>
</table>
<h2>RegressionTests</h2><h3 id="m0">tests.ContactUsTest#verifyContactUsFormSubmission</h3><table class="result"><tr><th>Exception</th></tr><tr><td><div class="stacktrace">org.openqa.selenium.InvalidArgumentException: invalid argument: File not found : D:\HCL_Projects\EcommerceProjectTesting\test-data\sample.txt
  (Session info: chrome=144.0.7559.133)
Build info: version: &apos;4.22.0&apos;, revision: &apos;c5f3146703*&apos;
System info: os.name: &apos;Windows 11&apos;, os.arch: &apos;amd64&apos;, os.version: &apos;10.0&apos;, java.version: &apos;17.0.9&apos;
Driver info: org.openqa.selenium.chrome.ChromeDriver
Command: [a86aacf37fc61263dfe079ece412be2a, sendKeysToElement {id=f.93BCB82570914E3DE2ABFD59AD954611.d.14991689F6157FF889E7651DEE450A54.e.49, value=[Ljava.lang.CharSequence;@777c9dc9}]
Capabilities {acceptInsecureCerts: false, browserName: chrome, browserVersion: 144.0.7559.133, chrome: {chromedriverVersion: 144.0.7559.133 (7da823b1d59..., userDataDir: C:\Users\ANUJDW~1\AppData\L...}, fedcm:accounts: true, goog:chromeOptions: {debuggerAddress: localhost:63558}, goog:processID: 25492, networkConnectionEnabled: false, pageLoadStrategy: normal, platformName: windows, proxy: Proxy(), se:cdp: ws://localhost:63558/devtoo..., se:cdpVersion: 144.0.7559.133, setWindowRect: true, strictFileInteractability: false, timeouts: {implicit: 0, pageLoad: 300000, script: 30000}, unhandledPromptBehavior: dismiss and notify, webauthn:extension:credBlob: true, webauthn:extension:largeBlob: true, webauthn:extension:minPinLength: true, webauthn:extension:prf: true, webauthn:virtualAuthenticators: true}
Element: [[ChromeDriver: chrome on windows (a86aacf37fc61263dfe079ece412be2a)] -&gt; name: upload_file]
Session ID: a86aacf37fc61263dfe079ece412be2a
	at org.openqa.selenium.remote.ErrorCodec.decode(ErrorCodec.java:167)
	at org.openqa.selenium.remote.codec.w3c.W3CHttpResponseCodec.decode(W3CHttpResponseCodec.java:138)
	at org.openqa.selenium.remote.codec.w3c.W3CHttpResponseCodec.decode(W3CHttpResponseCodec.java:50)
	at org.openqa.selenium.remote.HttpCommandExecutor.execute(HttpCommandExecutor.java:190)
	at org.openqa.selenium.remote.service.DriverCommandExecutor.invokeExecute(DriverCommandExecutor.java:216)
	at org.openqa.selenium.remote.service.DriverCommandExecutor.execute(DriverCommandExecutor.java:174)
	at org.openqa.selenium.remote.RemoteWebDriver.execute(RemoteWebDriver.java:518)
	at org.openqa.selenium.remote.RemoteWebElement.execute(RemoteWebElement.java:223)
	at org.openqa.selenium.remote.RemoteWebElement.sendKeys(RemoteWebElement.java:110)
	at org.openqa.selenium.support.pagefactory.internal.LocatingElementHandler.invoke(LocatingElementHandler.java:51)
	at jdk.proxy2/jdk.proxy2.$Proxy14.sendKeys(Unknown Source)
	at pages.ContactUsPage.uploadFile(ContactUsPage.java:62)
	at tests.ContactUsTest.verifyContactUsFormSubmission(ContactUsTest.java:20)
	at java.base/java.util.ArrayList.forEach(ArrayList.java:1511)
... Removed 36 stack frames</div></td></tr></table><p class="totop"><a href="#summary">back to summary</a></p>
<h3 id="m1">tests.ProductsTest#verifyAddToCartFunctionality</h3><table class="result"><tr><th>Exception</th></tr><tr><td><div class="stacktrace">org.openqa.selenium.TimeoutException: Expected condition failed: waiting for visibility of [[ChromeDriver: chrome on windows (f6c3d3e7d6fd65a7e2d26279aba7efca)] -&gt; xpath: //div[@class=&apos;col-sm-9 padding-right&apos;]//div[2]//div[1]//div[1]//div[2]//div[1]//a[1]] (tried for 10 second(s) with 500 milliseconds interval)
Build info: version: &apos;4.22.0&apos;, revision: &apos;c5f3146703*&apos;
System info: os.name: &apos;Windows 11&apos;, os.arch: &apos;amd64&apos;, os.version: &apos;10.0&apos;, java.version: &apos;17.0.9&apos;
Driver info: org.openqa.selenium.chrome.ChromeDriver
Capabilities {acceptInsecureCerts: false, browserName: chrome, browserVersion: 144.0.7559.133, chrome: {chromedriverVersion: 144.0.7559.133 (7da823b1d59..., userDataDir: C:\Users\ANUJDW~1\AppData\L...}, fedcm:accounts: true, goog:chromeOptions: {debuggerAddress: localhost:54681}, goog:processID: 22368, networkConnectionEnabled: false, pageLoadStrategy: normal, platformName: windows, proxy: Proxy(), se:cdp: ws://localhost:54681/devtoo..., se:cdpVersion: 144.0.7559.133, setWindowRect: true, strictFileInteractability: false, timeouts: {implicit: 0, pageLoad: 300000, script: 30000}, unhandledPromptBehavior: dismiss and notify, webauthn:extension:credBlob: true, webauthn:extension:largeBlob: true, webauthn:extension:minPinLength: true, webauthn:extension:prf: true, webauthn:virtualAuthenticators: true}
Session ID: f6c3d3e7d6fd65a7e2d26279aba7efca
	at org.openqa.selenium.support.ui.WebDriverWait.timeoutException(WebDriverWait.java:84)
	at org.openqa.selenium.support.ui.FluentWait.until(FluentWait.java:228)
	at pages.ProductsPage.clickFirstAddToCart(ProductsPage.java:99)
	at tests.ProductsTest.verifyAddToCartFunctionality(ProductsTest.java:67)
	at java.base/java.util.ArrayList.forEach(ArrayList.java:1511)
... Removed 27 stack frames</div></td></tr></table><p class="totop"><a href="#summary">back to summary</a></p>
<h3 id="m2">tests.CartTest#verifyCartPageNavigation</h3><table class="result"><tr><th class="invisible"/></tr></table><p class="totop"><a href="#summary">back to summary</a></p>
<h3 id="m3">tests.CartTest#verifyProductDetailsInCart</h3><table class="result"><tr><th class="invisible"/></tr></table><p class="totop"><a href="#summary">back to summary</a></p>
<h3 id="m4">tests.CartTest#verifyRemoveProductFromCart</h3><table class="result"><tr><th class="invisible"/></tr></table><p class="totop"><a href="#summary">back to summary</a></p>
<h3 id="m5">tests.ContactUsTest#verifyContactUsPageLoads</h3><table class="result"><tr><th class="invisible"/></tr></table><p class="totop"><a href="#summary">back to summary</a></p>
<h3 id="m6">tests.ContactUsTest#verifyFileUploadFieldEnabled</h3><table class="result"><tr><th class="invisible"/></tr></table><p class="totop"><a href="#summary">back to summary</a></p>
<h3 id="m7">tests.ContactUsTest#verifyFormSubmissionWithoutData</h3><table class="result"><tr><th class="invisible"/></tr></table><p class="totop"><a href="#summary">back to summary</a></p>
<h3 id="m8">tests.ContactUsTest#verifyInvalidEmailFormat</h3><table class="result"><tr><th class="invisible"/></tr></table><p class="totop"><a href="#summary">back to summary</a></p>
<h3 id="m9">tests.HomePageTest#verifyCategorySectionVisible</h3><table class="result"><tr><th class="invisible"/></tr></table><p class="totop"><a href="#summary">back to summary</a></p>
<h3 id="m10">tests.HomePageTest#verifyFeaturedItemsSection</h3><table class="result"><tr><th class="invisible"/></tr></table><p class="totop"><a href="#summary">back to summary</a></p>
<h3 id="m11">tests.HomePageTest#verifyFooterVisible</h3><table class="result"><tr><th class="invisible"/></tr></table><p class="totop"><a href="#summary">back to summary</a></p>
<h3 id="m12">tests.HomePageTest#verifyHomePageLoaded</h3><table class="result"><tr><th class="invisible"/></tr></table><p class="totop"><a href="#summary">back to summary</a></p>
<h3 id="m13">tests.HomePageTest#verifyScrollUpFeature</h3><table class="result"><tr><th class="invisible"/></tr></table><p class="totop"><a href="#summary">back to summary</a></p>
<h3 id="m14">tests.LoginTest#verifyLoginWithInvalidCredentials</h3><table class="result"><tr><th class="invisible"/></tr></table><p class="totop"><a href="#summary">back to summary</a></p>
<h3 id="m15">tests.LoginTest#verifyLoginWithValidCredentials</h3><table class="result"><tr><th class="invisible"/></tr></table><p class="totop"><a href="#summary">back to summary</a></p>
<h3 id="m16">tests.LoginTest#verifyLogoutFunctionality</h3><table class="result"><tr><th class="invisible"/></tr></table><p class="totop"><a href="#summary">back to summary</a></p>
<h3 id="m17">tests.ProductsTest#verifyAllProductsDisplayed</h3><table class="result"><tr><th class="invisible"/></tr></table><p class="totop"><a href="#summary">back to summary</a></p>
<h3 id="m18">tests.ProductsTest#verifyProductsPageLoads</h3><table class="result"><tr><th class="invisible"/></tr></table><p class="totop"><a href="#summary">back to summary</a></p>
<h3 id="m19">tests.ProductsTest#verifySearchProduct</h3><table class="result"><tr><th class="invisible"/></tr></table><p class="totop"><a href="#summary">back to summary</a></p>
<h3 id="m20">tests.ProductsTest#verifyViewProductNavigation</h3><table class="result"><tr><th class="invisible"/></tr></table><p class="totop"><a href="#summary">back to summary</a></p>
>>>>>>> 4be66fdc86e0af1d25d188f0d065dcf13d9e2570
</body>
</html>
