<?xml version="1.0" encoding="UTF-8"?>
<testng-results ignored="0" total="21" passed="19" failed="2" skipped="0">
  <reporter-output>
  </reporter-output>
  <suite started-at="2026-02-16T23:49:41 IST" name="AutomationSuite" finished-at="2026-02-16T23:54:08 IST" duration-ms="267350">
    <groups>
    </groups>
    <test started-at="2026-02-16T23:49:41 IST" name="RegressionTests" finished-at="2026-02-16T23:54:08 IST" duration-ms="267350">
      <class name="tests.LoginTest">
        <test-method is-config="true" signature="setUp()[pri:0, instance:tests.LoginTest@446a1e84]" started-at="2026-02-16T23:52:50 IST" name="setUp" finished-at="2026-02-16T23:52:57 IST" duration-ms="6136" status="PASS">
          <reporter-output>
          </reporter-output>
        </test-method> <!-- setUp -->
        <test-method is-config="true" signature="setupLoginPage()[pri:0, instance:tests.LoginTest@446a1e84]" started-at="2026-02-16T23:52:57 IST" name="setupLoginPage" finished-at="2026-02-16T23:52:58 IST" duration-ms="1571" status="PASS">
          <reporter-output>
          </reporter-output>
        </test-method> <!-- setupLoginPage -->
        <test-method signature="verifyLoginWithValidCredentials()[pri:1, instance:tests.LoginTest@446a1e84]" started-at="2026-02-16T23:52:58 IST" name="verifyLoginWithValidCredentials" finished-at="2026-02-16T23:53:04 IST" duration-ms="5640" status="PASS">
          <reporter-output>
          </reporter-output>
        </test-method> <!-- verifyLoginWithValidCredentials -->
        <test-method is-config="true" signature="tearDown()[pri:0, instance:tests.LoginTest@446a1e84]" started-at="2026-02-16T23:53:04 IST" name="tearDown" finished-at="2026-02-16T23:53:04 IST" duration-ms="289" status="PASS">
          <reporter-output>
          </reporter-output>
        </test-method> <!-- tearDown -->
        <test-method is-config="true" signature="setUp()[pri:0, instance:tests.LoginTest@446a1e84]" started-at="2026-02-16T23:53:04 IST" name="setUp" finished-at="2026-02-16T23:53:11 IST" duration-ms="6734" status="PASS">
          <reporter-output>
          </reporter-output>
        </test-method> <!-- setUp -->
        <test-method is-config="true" signature="setupLoginPage()[pri:0, instance:tests.LoginTest@446a1e84]" started-at="2026-02-16T23:53:11 IST" name="setupLoginPage" finished-at="2026-02-16T23:53:12 IST" duration-ms="1522" status="PASS">
          <reporter-output>
          </reporter-output>
        </test-method> <!-- setupLoginPage -->
        <test-method signature="verifyLoginWithInvalidCredentials()[pri:2, instance:tests.LoginTest@446a1e84]" started-at="2026-02-16T23:53:12 IST" name="verifyLoginWithInvalidCredentials" finished-at="2026-02-16T23:53:14 IST" duration-ms="2078" status="PASS">
          <reporter-output>
          </reporter-output>
        </test-method> <!-- verifyLoginWithInvalidCredentials -->
        <test-method is-config="true" signature="tearDown()[pri:0, instance:tests.LoginTest@446a1e84]" started-at="2026-02-16T23:53:14 IST" name="tearDown" finished-at="2026-02-16T23:53:15 IST" duration-ms="278" status="PASS">
          <reporter-output>
          </reporter-output>
        </test-method> <!-- tearDown -->
        <test-method is-config="true" signature="setUp()[pri:0, instance:tests.LoginTest@446a1e84]" started-at="2026-02-16T23:53:15 IST" name="setUp" finished-at="2026-02-16T23:53:27 IST" duration-ms="12036" status="PASS">
          <reporter-output>
          </reporter-output>
        </test-method> <!-- setUp -->
        <test-method is-config="true" signature="setupLoginPage()[pri:0, instance:tests.LoginTest@446a1e84]" started-at="2026-02-16T23:53:27 IST" name="setupLoginPage" finished-at="2026-02-16T23:53:28 IST" duration-ms="926" status="PASS">
          <reporter-output>
          </reporter-output>
        </test-method> <!-- setupLoginPage -->
        <test-method signature="verifyLogoutFunctionality()[pri:3, instance:tests.LoginTest@446a1e84]" started-at="2026-02-16T23:53:28 IST" name="verifyLogoutFunctionality" finished-at="2026-02-16T23:53:36 IST" duration-ms="8464" status="PASS">
          <reporter-output>
          </reporter-output>
        </test-method> <!-- verifyLogoutFunctionality -->
        <test-method is-config="true" signature="tearDown()[pri:0, instance:tests.LoginTest@446a1e84]" started-at="2026-02-16T23:53:36 IST" name="tearDown" finished-at="2026-02-16T23:53:36 IST" duration-ms="335" status="PASS">
          <reporter-output>
          </reporter-output>
        </test-method> <!-- tearDown -->
      </class> <!-- tests.LoginTest -->
      <class name="tests.HomePageTest">
        <test-method is-config="true" signature="setUp()[pri:0, instance:tests.HomePageTest@29d80d2b]" started-at="2026-02-16T23:50:55 IST" name="setUp" finished-at="2026-02-16T23:51:03 IST" duration-ms="7986" status="PASS">
          <reporter-output>
          </reporter-output>
        </test-method> <!-- setUp -->
        <test-method signature="verifyCategorySectionVisible()[pri:0, instance:tests.HomePageTest@29d80d2b]" started-at="2026-02-16T23:51:03 IST" name="verifyCategorySectionVisible" finished-at="2026-02-16T23:51:03 IST" duration-ms="47" status="PASS">
          <reporter-output>
          </reporter-output>
        </test-method> <!-- verifyCategorySectionVisible -->
        <test-method is-config="true" signature="tearDown()[pri:0, instance:tests.HomePageTest@29d80d2b]" started-at="2026-02-16T23:51:03 IST" name="tearDown" finished-at="2026-02-16T23:51:03 IST" duration-ms="300" status="PASS">
          <reporter-output>
          </reporter-output>
        </test-method> <!-- tearDown -->
        <test-method is-config="true" signature="setUp()[pri:0, instance:tests.HomePageTest@29d80d2b]" started-at="2026-02-16T23:51:03 IST" name="setUp" finished-at="2026-02-16T23:51:12 IST" duration-ms="8806" status="PASS">
          <reporter-output>
          </reporter-output>
        </test-method> <!-- setUp -->
        <test-method signature="verifyFeaturedItemsSection()[pri:0, instance:tests.HomePageTest@29d80d2b]" started-at="2026-02-16T23:51:12 IST" name="verifyFeaturedItemsSection" finished-at="2026-02-16T23:51:12 IST" duration-ms="42" status="PASS">
          <reporter-output>
          </reporter-output>
        </test-method> <!-- verifyFeaturedItemsSection -->
        <test-method is-config="true" signature="tearDown()[pri:0, instance:tests.HomePageTest@29d80d2b]" started-at="2026-02-16T23:51:12 IST" name="tearDown" finished-at="2026-02-16T23:51:12 IST" duration-ms="298" status="PASS">
          <reporter-output>
          </reporter-output>
        </test-method> <!-- tearDown -->
        <test-method is-config="true" signature="setUp()[pri:0, instance:tests.HomePageTest@29d80d2b]" started-at="2026-02-16T23:51:12 IST" name="setUp" finished-at="2026-02-16T23:51:25 IST" duration-ms="12798" status="PASS">
          <reporter-output>
          </reporter-output>
        </test-method> <!-- setUp -->
        <test-method signature="verifyFooterVisible()[pri:0, instance:tests.HomePageTest@29d80d2b]" started-at="2026-02-16T23:51:25 IST" name="verifyFooterVisible" finished-at="2026-02-16T23:51:25 IST" duration-ms="104" status="PASS">
          <reporter-output>
          </reporter-output>
        </test-method> <!-- verifyFooterVisible -->
        <test-method is-config="true" signature="tearDown()[pri:0, instance:tests.HomePageTest@29d80d2b]" started-at="2026-02-16T23:51:25 IST" name="tearDown" finished-at="2026-02-16T23:51:26 IST" duration-ms="265" status="PASS">
          <reporter-output>
          </reporter-output>
        </test-method> <!-- tearDown -->
        <test-method is-config="true" signature="setUp()[pri:0, instance:tests.HomePageTest@29d80d2b]" started-at="2026-02-16T23:51:26 IST" name="setUp" finished-at="2026-02-16T23:51:35 IST" duration-ms="9819" status="PASS">
          <reporter-output>
          </reporter-output>
        </test-method> <!-- setUp -->
        <test-method signature="verifyHomePageLoaded()[pri:0, instance:tests.HomePageTest@29d80d2b]" started-at="2026-02-16T23:51:35 IST" name="verifyHomePageLoaded" finished-at="2026-02-16T23:51:36 IST" duration-ms="43" status="PASS">
          <reporter-output>
          </reporter-output>
        </test-method> <!-- verifyHomePageLoaded -->
        <test-method is-config="true" signature="tearDown()[pri:0, instance:tests.HomePageTest@29d80d2b]" started-at="2026-02-16T23:51:36 IST" name="tearDown" finished-at="2026-02-16T23:51:36 IST" duration-ms="299" status="PASS">
          <reporter-output>
          </reporter-output>
        </test-method> <!-- tearDown -->
        <test-method is-config="true" signature="setUp()[pri:0, instance:tests.HomePageTest@29d80d2b]" started-at="2026-02-16T23:51:36 IST" name="setUp" finished-at="2026-02-16T23:51:42 IST" duration-ms="6305" status="PASS">
          <reporter-output>
          </reporter-output>
        </test-method> <!-- setUp -->
        <test-method signature="verifyScrollUpFeature()[pri:0, instance:tests.HomePageTest@29d80d2b]" started-at="2026-02-16T23:51:42 IST" name="verifyScrollUpFeature" finished-at="2026-02-16T23:51:43 IST" duration-ms="387" status="PASS">
          <reporter-output>
          </reporter-output>
        </test-method> <!-- verifyScrollUpFeature -->
        <test-method is-config="true" signature="tearDown()[pri:0, instance:tests.HomePageTest@29d80d2b]" started-at="2026-02-16T23:51:43 IST" name="tearDown" finished-at="2026-02-16T23:51:43 IST" duration-ms="336" status="PASS">
          <reporter-output>
          </reporter-output>
        </test-method> <!-- tearDown -->
      </class> <!-- tests.HomePageTest -->
      <class name="tests.CartTest">
        <test-method is-config="true" signature="setUp()[pri:0, instance:tests.CartTest@7dfb0c0f]" started-at="2026-02-16T23:53:36 IST" name="setUp" finished-at="2026-02-16T23:53:43 IST" duration-ms="6752" status="PASS">
          <reporter-output>
          </reporter-output>
        </test-method> <!-- setUp -->
        <test-method signature="verifyCartPageNavigation()[pri:0, instance:tests.CartTest@7dfb0c0f]" started-at="2026-02-16T23:53:43 IST" name="verifyCartPageNavigation" finished-at="2026-02-16T23:53:44 IST" duration-ms="1030" status="PASS">
          <reporter-output>
          </reporter-output>
        </test-method> <!-- verifyCartPageNavigation -->
        <test-method is-config="true" signature="tearDown()[pri:0, instance:tests.CartTest@7dfb0c0f]" started-at="2026-02-16T23:53:44 IST" name="tearDown" finished-at="2026-02-16T23:53:45 IST" duration-ms="354" status="PASS">
          <reporter-output>
          </reporter-output>
        </test-method> <!-- tearDown -->
        <test-method is-config="true" signature="setUp()[pri:0, instance:tests.CartTest@7dfb0c0f]" started-at="2026-02-16T23:53:45 IST" name="setUp" finished-at="2026-02-16T23:53:47 IST" duration-ms="2668" status="PASS">
          <reporter-output>
          </reporter-output>
        </test-method> <!-- setUp -->
        <test-method signature="verifyProductDetailsInCart()[pri:0, instance:tests.CartTest@7dfb0c0f]" started-at="2026-02-16T23:53:47 IST" name="verifyProductDetailsInCart" finished-at="2026-02-16T23:53:55 IST" duration-ms="7674" status="PASS">
          <reporter-output>
          </reporter-output>
        </test-method> <!-- verifyProductDetailsInCart -->
        <test-method is-config="true" signature="tearDown()[pri:0, instance:tests.CartTest@7dfb0c0f]" started-at="2026-02-16T23:53:55 IST" name="tearDown" finished-at="2026-02-16T23:53:55 IST" duration-ms="353" status="PASS">
          <reporter-output>
          </reporter-output>
        </test-method> <!-- tearDown -->
        <test-method is-config="true" signature="setUp()[pri:0, instance:tests.CartTest@7dfb0c0f]" started-at="2026-02-16T23:53:55 IST" name="setUp" finished-at="2026-02-16T23:54:02 IST" duration-ms="6488" status="PASS">
          <reporter-output>
          </reporter-output>
        </test-method> <!-- setUp -->
        <test-method signature="verifyRemoveProductFromCart()[pri:0, instance:tests.CartTest@7dfb0c0f]" started-at="2026-02-16T23:54:02 IST" name="verifyRemoveProductFromCart" finished-at="2026-02-16T23:54:08 IST" duration-ms="6084" status="PASS">
          <reporter-output>
          </reporter-output>
        </test-method> <!-- verifyRemoveProductFromCart -->
        <test-method is-config="true" signature="tearDown()[pri:0, instance:tests.CartTest@7dfb0c0f]" started-at="2026-02-16T23:54:08 IST" name="tearDown" finished-at="2026-02-16T23:54:08 IST" duration-ms="374" status="PASS">
          <reporter-output>
          </reporter-output>
        </test-method> <!-- tearDown -->
      </class> <!-- tests.CartTest -->
      <class name="tests.ContactUsTest">
        <test-method is-config="true" signature="setUp()[pri:0, instance:tests.ContactUsTest@26abb146]" started-at="2026-02-16T23:49:41 IST" name="setUp" finished-at="2026-02-16T23:49:57 IST" duration-ms="15685" status="PASS">
          <reporter-output>
          </reporter-output>
        </test-method> <!-- setUp -->
        <test-method signature="verifyContactUsFormSubmission()[pri:0, instance:tests.ContactUsTest@26abb146]" started-at="2026-02-16T23:49:57 IST" name="verifyContactUsFormSubmission" finished-at="2026-02-16T23:50:04 IST" duration-ms="7142" status="FAIL">
          <exception class="org.openqa.selenium.InvalidArgumentException">
            <message>
              <![CDATA[invalid argument: File not found : D:\HCL_Projects\EcommerceProjectTesting\test-data\sample.txt
  (Session info: chrome=144.0.7559.133)
Build info: version: '4.22.0', revision: 'c5f3146703*'
System info: os.name: 'Windows 11', os.arch: 'amd64', os.version: '10.0', java.version: '17.0.9'
Driver info: org.openqa.selenium.chrome.ChromeDriver
Command: [a86aacf37fc61263dfe079ece412be2a, sendKeysToElement {id=f.93BCB82570914E3DE2ABFD59AD954611.d.14991689F6157FF889E7651DEE450A54.e.49, value=[Ljava.lang.CharSequence;@777c9dc9}]
Capabilities {acceptInsecureCerts: false, browserName: chrome, browserVersion: 144.0.7559.133, chrome: {chromedriverVersion: 144.0.7559.133 (7da823b1d59..., userDataDir: C:\Users\ANUJDW~1\AppData\L...}, fedcm:accounts: true, goog:chromeOptions: {debuggerAddress: localhost:63558}, goog:processID: 25492, networkConnectionEnabled: false, pageLoadStrategy: normal, platformName: windows, proxy: Proxy(), se:cdp: ws://localhost:63558/devtoo..., se:cdpVersion: 144.0.7559.133, setWindowRect: true, strictFileInteractability: false, timeouts: {implicit: 0, pageLoad: 300000, script: 30000}, unhandledPromptBehavior: dismiss and notify, webauthn:extension:credBlob: true, webauthn:extension:largeBlob: true, webauthn:extension:minPinLength: true, webauthn:extension:prf: true, webauthn:virtualAuthenticators: true}
Element: [[ChromeDriver: chrome on windows (a86aacf37fc61263dfe079ece412be2a)] -> name: upload_file]
Session ID: a86aacf37fc61263dfe079ece412be2a]]>
            </message>
            <full-stacktrace>
              <![CDATA[org.openqa.selenium.InvalidArgumentException: invalid argument: File not found : D:\HCL_Projects\EcommerceProjectTesting\test-data\sample.txt
  (Session info: chrome=144.0.7559.133)
Build info: version: '4.22.0', revision: 'c5f3146703*'
System info: os.name: 'Windows 11', os.arch: 'amd64', os.version: '10.0', java.version: '17.0.9'
Driver info: org.openqa.selenium.chrome.ChromeDriver
Command: [a86aacf37fc61263dfe079ece412be2a, sendKeysToElement {id=f.93BCB82570914E3DE2ABFD59AD954611.d.14991689F6157FF889E7651DEE450A54.e.49, value=[Ljava.lang.CharSequence;@777c9dc9}]
Capabilities {acceptInsecureCerts: false, browserName: chrome, browserVersion: 144.0.7559.133, chrome: {chromedriverVersion: 144.0.7559.133 (7da823b1d59..., userDataDir: C:\Users\ANUJDW~1\AppData\L...}, fedcm:accounts: true, goog:chromeOptions: {debuggerAddress: localhost:63558}, goog:processID: 25492, networkConnectionEnabled: false, pageLoadStrategy: normal, platformName: windows, proxy: Proxy(), se:cdp: ws://localhost:63558/devtoo..., se:cdpVersion: 144.0.7559.133, setWindowRect: true, strictFileInteractability: false, timeouts: {implicit: 0, pageLoad: 300000, script: 30000}, unhandledPromptBehavior: dismiss and notify, webauthn:extension:credBlob: true, webauthn:extension:largeBlob: true, webauthn:extension:minPinLength: true, webauthn:extension:prf: true, webauthn:virtualAuthenticators: true}
Element: [[ChromeDriver: chrome on windows (a86aacf37fc61263dfe079ece412be2a)] -> name: upload_file]
Session ID: a86aacf37fc61263dfe079ece412be2a
at java.base/jdk.internal.reflect.NativeConstructorAccessorImpl.newInstance0(Native Method)
at java.base/jdk.internal.reflect.NativeConstructorAccessorImpl.newInstance(NativeConstructorAccessorImpl.java:77)
at java.base/jdk.internal.reflect.DelegatingConstructorAccessorImpl.newInstance(DelegatingConstructorAccessorImpl.java:45)
at java.base/java.lang.reflect.Constructor.newInstanceWithCaller(Constructor.java:499)
at java.base/java.lang.reflect.Constructor.newInstance(Constructor.java:480)
at org.openqa.selenium.remote.ErrorCodec.decode(ErrorCodec.java:167)
at org.openqa.selenium.remote.codec.w3c.W3CHttpResponseCodec.decode(W3CHttpResponseCodec.java:138)
at org.openqa.selenium.remote.codec.w3c.W3CHttpResponseCodec.decode(W3CHttpResponseCodec.java:50)
at org.openqa.selenium.remote.HttpCommandExecutor.execute(HttpCommandExecutor.java:190)
at org.openqa.selenium.remote.service.DriverCommandExecutor.invokeExecute(DriverCommandExecutor.java:216)
at org.openqa.selenium.remote.service.DriverCommandExecutor.execute(DriverCommandExecutor.java:174)
at org.openqa.selenium.remote.RemoteWebDriver.execute(RemoteWebDriver.java:518)
at org.openqa.selenium.remote.RemoteWebElement.execute(RemoteWebElement.java:223)
at org.openqa.selenium.remote.RemoteWebElement.sendKeys(RemoteWebElement.java:110)
at java.base/jdk.internal.reflect.NativeMethodAccessorImpl.invoke0(Native Method)
at java.base/jdk.internal.reflect.NativeMethodAccessorImpl.invoke(NativeMethodAccessorImpl.java:77)
at java.base/jdk.internal.reflect.DelegatingMethodAccessorImpl.invoke(DelegatingMethodAccessorImpl.java:43)
at java.base/java.lang.reflect.Method.invoke(Method.java:568)
at org.openqa.selenium.support.pagefactory.internal.LocatingElementHandler.invoke(LocatingElementHandler.java:51)
at jdk.proxy2/jdk.proxy2.$Proxy14.sendKeys(Unknown Source)
at pages.ContactUsPage.uploadFile(ContactUsPage.java:62)
at tests.ContactUsTest.verifyContactUsFormSubmission(ContactUsTest.java:20)
at java.base/jdk.internal.reflect.NativeMethodAccessorImpl.invoke0(Native Method)
at java.base/jdk.internal.reflect.NativeMethodAccessorImpl.invoke(NativeMethodAccessorImpl.java:77)
at java.base/jdk.internal.reflect.DelegatingMethodAccessorImpl.invoke(DelegatingMethodAccessorImpl.java:43)
at java.base/java.lang.reflect.Method.invoke(Method.java:568)
at org.testng.internal.invokers.MethodInvocationHelper.invokeMethod(MethodInvocationHelper.java:139)
at org.testng.internal.invokers.TestInvoker.invokeMethod(TestInvoker.java:664)
at org.testng.internal.invokers.TestInvoker.invokeTestMethod(TestInvoker.java:228)
at org.testng.internal.invokers.MethodRunner.runInSequence(MethodRunner.java:63)
at org.testng.internal.invokers.TestInvoker$MethodInvocationAgent.invoke(TestInvoker.java:961)
at org.testng.internal.invokers.TestInvoker.invokeTestMethods(TestInvoker.java:201)
at org.testng.internal.invokers.TestMethodWorker.invokeTestMethods(TestMethodWorker.java:148)
at org.testng.internal.invokers.TestMethodWorker.run(TestMethodWorker.java:128)
at java.base/java.util.ArrayList.forEach(ArrayList.java:1511)
at org.testng.TestRunner.privateRun(TestRunner.java:819)
at org.testng.TestRunner.run(TestRunner.java:619)
at org.testng.SuiteRunner.runTest(SuiteRunner.java:443)
at org.testng.SuiteRunner.runSequentially(SuiteRunner.java:437)
at org.testng.SuiteRunner.privateRun(SuiteRunner.java:397)
at org.testng.SuiteRunner.run(SuiteRunner.java:336)
at org.testng.SuiteRunnerWorker.runSuite(SuiteRunnerWorker.java:52)
at org.testng.SuiteRunnerWorker.run(SuiteRunnerWorker.java:95)
at org.testng.TestNG.runSuitesSequentially(TestNG.java:1301)
at org.testng.TestNG.runSuitesLocally(TestNG.java:1228)
at org.testng.TestNG.runSuites(TestNG.java:1134)
at org.testng.TestNG.run(TestNG.java:1101)
at org.testng.remote.AbstractRemoteTestNG.run(AbstractRemoteTestNG.java:115)
at org.testng.remote.RemoteTestNG.initAndRun(RemoteTestNG.java:293)
at org.testng.remote.RemoteTestNG.main(RemoteTestNG.java:91)
]]>
            </full-stacktrace>
          </exception> <!-- org.openqa.selenium.InvalidArgumentException -->
          <reporter-output>
          </reporter-output>
        </test-method> <!-- verifyContactUsFormSubmission -->
        <test-method is-config="true" signature="tearDown()[pri:0, instance:tests.ContactUsTest@26abb146]" started-at="2026-02-16T23:50:04 IST" name="tearDown" finished-at="2026-02-16T23:50:05 IST" duration-ms="403" status="PASS">
          <reporter-output>
          </reporter-output>
        </test-method> <!-- tearDown -->
        <test-method is-config="true" signature="setUp()[pri:0, instance:tests.ContactUsTest@26abb146]" started-at="2026-02-16T23:50:05 IST" name="setUp" finished-at="2026-02-16T23:50:12 IST" duration-ms="7114" status="PASS">
          <reporter-output>
          </reporter-output>
        </test-method> <!-- setUp -->
        <test-method signature="verifyContactUsPageLoads()[pri:0, instance:tests.ContactUsTest@26abb146]" started-at="2026-02-16T23:50:12 IST" name="verifyContactUsPageLoads" finished-at="2026-02-16T23:50:14 IST" duration-ms="2243" status="PASS">
          <reporter-output>
          </reporter-output>
        </test-method> <!-- verifyContactUsPageLoads -->
        <test-method is-config="true" signature="tearDown()[pri:0, instance:tests.ContactUsTest@26abb146]" started-at="2026-02-16T23:50:14 IST" name="tearDown" finished-at="2026-02-16T23:50:14 IST" duration-ms="431" status="PASS">
          <reporter-output>
          </reporter-output>
        </test-method> <!-- tearDown -->
        <test-method is-config="true" signature="setUp()[pri:0, instance:tests.ContactUsTest@26abb146]" started-at="2026-02-16T23:50:14 IST" name="setUp" finished-at="2026-02-16T23:50:21 IST" duration-ms="6720" status="PASS">
          <reporter-output>
          </reporter-output>
        </test-method> <!-- setUp -->
        <test-method signature="verifyFileUploadFieldEnabled()[pri:0, instance:tests.ContactUsTest@26abb146]" started-at="2026-02-16T23:50:21 IST" name="verifyFileUploadFieldEnabled" finished-at="2026-02-16T23:50:23 IST" duration-ms="2306" status="PASS">
          <reporter-output>
          </reporter-output>
        </test-method> <!-- verifyFileUploadFieldEnabled -->
        <test-method is-config="true" signature="tearDown()[pri:0, instance:tests.ContactUsTest@26abb146]" started-at="2026-02-16T23:50:23 IST" name="tearDown" finished-at="2026-02-16T23:50:24 IST" duration-ms="350" status="PASS">
          <reporter-output>
          </reporter-output>
        </test-method> <!-- tearDown -->
        <test-method is-config="true" signature="setUp()[pri:0, instance:tests.ContactUsTest@26abb146]" started-at="2026-02-16T23:50:24 IST" name="setUp" finished-at="2026-02-16T23:50:30 IST" duration-ms="6725" status="PASS">
          <reporter-output>
          </reporter-output>
        </test-method> <!-- setUp -->
        <test-method signature="verifyFormSubmissionWithoutData()[pri:0, instance:tests.ContactUsTest@26abb146]" started-at="2026-02-16T23:50:30 IST" name="verifyFormSubmissionWithoutData" finished-at="2026-02-16T23:50:34 IST" duration-ms="3196" status="PASS">
          <reporter-output>
          </reporter-output>
        </test-method> <!-- verifyFormSubmissionWithoutData -->
        <test-method is-config="true" signature="tearDown()[pri:0, instance:tests.ContactUsTest@26abb146]" started-at="2026-02-16T23:50:34 IST" name="tearDown" finished-at="2026-02-16T23:50:34 IST" duration-ms="417" status="PASS">
          <reporter-output>
          </reporter-output>
        </test-method> <!-- tearDown -->
        <test-method is-config="true" signature="setUp()[pri:0, instance:tests.ContactUsTest@26abb146]" started-at="2026-02-16T23:50:34 IST" name="setUp" finished-at="2026-02-16T23:50:49 IST" duration-ms="14937" status="PASS">
          <reporter-output>
          </reporter-output>
        </test-method> <!-- setUp -->
        <test-method signature="verifyInvalidEmailFormat()[pri:0, instance:tests.ContactUsTest@26abb146]" started-at="2026-02-16T23:50:49 IST" name="verifyInvalidEmailFormat" finished-at="2026-02-16T23:50:55 IST" duration-ms="5516" status="PASS">
          <reporter-output>
          </reporter-output>
        </test-method> <!-- verifyInvalidEmailFormat -->
        <test-method is-config="true" signature="tearDown()[pri:0, instance:tests.ContactUsTest@26abb146]" started-at="2026-02-16T23:50:55 IST" name="tearDown" finished-at="2026-02-16T23:50:55 IST" duration-ms="475" status="PASS">
          <reporter-output>
          </reporter-output>
        </test-method> <!-- tearDown -->
      </class> <!-- tests.ContactUsTest -->
      <class name="tests.ProductsTest">
        <test-method is-config="true" signature="setUp()[pri:0, instance:tests.ProductsTest@58e1d9d]" started-at="2026-02-16T23:51:43 IST" name="setUp" finished-at="2026-02-16T23:51:50 IST" duration-ms="6698" status="PASS">
          <reporter-output>
          </reporter-output>
        </test-method> <!-- setUp -->
        <test-method signature="verifyAddToCartFunctionality()[pri:0, instance:tests.ProductsTest@58e1d9d]" started-at="2026-02-16T23:51:50 IST" name="verifyAddToCartFunctionality" finished-at="2026-02-16T23:52:05 IST" duration-ms="15139" status="FAIL">
          <exception class="org.openqa.selenium.TimeoutException">
            <message>
              <![CDATA[Expected condition failed: waiting for visibility of [[ChromeDriver: chrome on windows (f6c3d3e7d6fd65a7e2d26279aba7efca)] -> xpath: //div[@class='col-sm-9 padding-right']//div[2]//div[1]//div[1]//div[2]//div[1]//a[1]] (tried for 10 second(s) with 500 milliseconds interval)
Build info: version: '4.22.0', revision: 'c5f3146703*'
System info: os.name: 'Windows 11', os.arch: 'amd64', os.version: '10.0', java.version: '17.0.9'
Driver info: org.openqa.selenium.chrome.ChromeDriver
Capabilities {acceptInsecureCerts: false, browserName: chrome, browserVersion: 144.0.7559.133, chrome: {chromedriverVersion: 144.0.7559.133 (7da823b1d59..., userDataDir: C:\Users\ANUJDW~1\AppData\L...}, fedcm:accounts: true, goog:chromeOptions: {debuggerAddress: localhost:54681}, goog:processID: 22368, networkConnectionEnabled: false, pageLoadStrategy: normal, platformName: windows, proxy: Proxy(), se:cdp: ws://localhost:54681/devtoo..., se:cdpVersion: 144.0.7559.133, setWindowRect: true, strictFileInteractability: false, timeouts: {implicit: 0, pageLoad: 300000, script: 30000}, unhandledPromptBehavior: dismiss and notify, webauthn:extension:credBlob: true, webauthn:extension:largeBlob: true, webauthn:extension:minPinLength: true, webauthn:extension:prf: true, webauthn:virtualAuthenticators: true}
Session ID: f6c3d3e7d6fd65a7e2d26279aba7efca]]>
            </message>
            <full-stacktrace>
              <![CDATA[org.openqa.selenium.TimeoutException: Expected condition failed: waiting for visibility of [[ChromeDriver: chrome on windows (f6c3d3e7d6fd65a7e2d26279aba7efca)] -> xpath: //div[@class='col-sm-9 padding-right']//div[2]//div[1]//div[1]//div[2]//div[1]//a[1]] (tried for 10 second(s) with 500 milliseconds interval)
Build info: version: '4.22.0', revision: 'c5f3146703*'
System info: os.name: 'Windows 11', os.arch: 'amd64', os.version: '10.0', java.version: '17.0.9'
Driver info: org.openqa.selenium.chrome.ChromeDriver
Capabilities {acceptInsecureCerts: false, browserName: chrome, browserVersion: 144.0.7559.133, chrome: {chromedriverVersion: 144.0.7559.133 (7da823b1d59..., userDataDir: C:\Users\ANUJDW~1\AppData\L...}, fedcm:accounts: true, goog:chromeOptions: {debuggerAddress: localhost:54681}, goog:processID: 22368, networkConnectionEnabled: false, pageLoadStrategy: normal, platformName: windows, proxy: Proxy(), se:cdp: ws://localhost:54681/devtoo..., se:cdpVersion: 144.0.7559.133, setWindowRect: true, strictFileInteractability: false, timeouts: {implicit: 0, pageLoad: 300000, script: 30000}, unhandledPromptBehavior: dismiss and notify, webauthn:extension:credBlob: true, webauthn:extension:largeBlob: true, webauthn:extension:minPinLength: true, webauthn:extension:prf: true, webauthn:virtualAuthenticators: true}
Session ID: f6c3d3e7d6fd65a7e2d26279aba7efca
at org.openqa.selenium.support.ui.WebDriverWait.timeoutException(WebDriverWait.java:84)
at org.openqa.selenium.support.ui.FluentWait.until(FluentWait.java:228)
at pages.ProductsPage.clickFirstAddToCart(ProductsPage.java:99)
at tests.ProductsTest.verifyAddToCartFunctionality(ProductsTest.java:67)
at java.base/jdk.internal.reflect.NativeMethodAccessorImpl.invoke0(Native Method)
at java.base/jdk.internal.reflect.NativeMethodAccessorImpl.invoke(NativeMethodAccessorImpl.java:77)
at java.base/jdk.internal.reflect.DelegatingMethodAccessorImpl.invoke(DelegatingMethodAccessorImpl.java:43)
at java.base/java.lang.reflect.Method.invoke(Method.java:568)
at org.testng.internal.invokers.MethodInvocationHelper.invokeMethod(MethodInvocationHelper.java:139)
at org.testng.internal.invokers.TestInvoker.invokeMethod(TestInvoker.java:664)
at org.testng.internal.invokers.TestInvoker.invokeTestMethod(TestInvoker.java:228)
at org.testng.internal.invokers.MethodRunner.runInSequence(MethodRunner.java:63)
at org.testng.internal.invokers.TestInvoker$MethodInvocationAgent.invoke(TestInvoker.java:961)
at org.testng.internal.invokers.TestInvoker.invokeTestMethods(TestInvoker.java:201)
at org.testng.internal.invokers.TestMethodWorker.invokeTestMethods(TestMethodWorker.java:148)
at org.testng.internal.invokers.TestMethodWorker.run(TestMethodWorker.java:128)
at java.base/java.util.ArrayList.forEach(ArrayList.java:1511)
at org.testng.TestRunner.privateRun(TestRunner.java:819)
at org.testng.TestRunner.run(TestRunner.java:619)
at org.testng.SuiteRunner.runTest(SuiteRunner.java:443)
at org.testng.SuiteRunner.runSequentially(SuiteRunner.java:437)
at org.testng.SuiteRunner.privateRun(SuiteRunner.java:397)
at org.testng.SuiteRunner.run(SuiteRunner.java:336)
at org.testng.SuiteRunnerWorker.runSuite(SuiteRunnerWorker.java:52)
at org.testng.SuiteRunnerWorker.run(SuiteRunnerWorker.java:95)
at org.testng.TestNG.runSuitesSequentially(TestNG.java:1301)
at org.testng.TestNG.runSuitesLocally(TestNG.java:1228)
at org.testng.TestNG.runSuites(TestNG.java:1134)
at org.testng.TestNG.run(TestNG.java:1101)
at org.testng.remote.AbstractRemoteTestNG.run(AbstractRemoteTestNG.java:115)
at org.testng.remote.RemoteTestNG.initAndRun(RemoteTestNG.java:293)
at org.testng.remote.RemoteTestNG.main(RemoteTestNG.java:91)
]]>
            </full-stacktrace>
          </exception> <!-- org.openqa.selenium.TimeoutException -->
          <reporter-output>
          </reporter-output>
        </test-method> <!-- verifyAddToCartFunctionality -->
        <test-method is-config="true" signature="tearDown()[pri:0, instance:tests.ProductsTest@58e1d9d]" started-at="2026-02-16T23:52:05 IST" name="tearDown" finished-at="2026-02-16T23:52:05 IST" duration-ms="382" status="PASS">
          <reporter-output>
          </reporter-output>
        </test-method> <!-- tearDown -->
        <test-method is-config="true" signature="setUp()[pri:0, instance:tests.ProductsTest@58e1d9d]" started-at="2026-02-16T23:52:05 IST" name="setUp" finished-at="2026-02-16T23:52:12 IST" duration-ms="6923" status="PASS">
          <reporter-output>
          </reporter-output>
        </test-method> <!-- setUp -->
        <test-method signature="verifyAllProductsDisplayed()[pri:0, instance:tests.ProductsTest@58e1d9d]" started-at="2026-02-16T23:52:12 IST" name="verifyAllProductsDisplayed" finished-at="2026-02-16T23:52:16 IST" duration-ms="4085" status="PASS">
          <reporter-output>
          </reporter-output>
        </test-method> <!-- verifyAllProductsDisplayed -->
        <test-method is-config="true" signature="tearDown()[pri:0, instance:tests.ProductsTest@58e1d9d]" started-at="2026-02-16T23:52:16 IST" name="tearDown" finished-at="2026-02-16T23:52:17 IST" duration-ms="371" status="PASS">
          <reporter-output>
          </reporter-output>
        </test-method> <!-- tearDown -->
        <test-method is-config="true" signature="setUp()[pri:0, instance:tests.ProductsTest@58e1d9d]" started-at="2026-02-16T23:52:17 IST" name="setUp" finished-at="2026-02-16T23:52:25 IST" duration-ms="8313" status="PASS">
          <reporter-output>
          </reporter-output>
        </test-method> <!-- setUp -->
        <test-method signature="verifyProductsPageLoads()[pri:0, instance:tests.ProductsTest@58e1d9d]" started-at="2026-02-16T23:52:25 IST" name="verifyProductsPageLoads" finished-at="2026-02-16T23:52:25 IST" duration-ms="338" status="PASS">
          <reporter-output>
          </reporter-output>
        </test-method> <!-- verifyProductsPageLoads -->
        <test-method is-config="true" signature="tearDown()[pri:0, instance:tests.ProductsTest@58e1d9d]" started-at="2026-02-16T23:52:25 IST" name="tearDown" finished-at="2026-02-16T23:52:26 IST" duration-ms="324" status="PASS">
          <reporter-output>
          </reporter-output>
        </test-method> <!-- tearDown -->
        <test-method is-config="true" signature="setUp()[pri:0, instance:tests.ProductsTest@58e1d9d]" started-at="2026-02-16T23:52:26 IST" name="setUp" finished-at="2026-02-16T23:52:32 IST" duration-ms="6568" status="PASS">
          <reporter-output>
          </reporter-output>
        </test-method> <!-- setUp -->
        <test-method signature="verifySearchProduct()[pri:0, instance:tests.ProductsTest@58e1d9d]" started-at="2026-02-16T23:52:32 IST" name="verifySearchProduct" finished-at="2026-02-16T23:52:39 IST" duration-ms="6490" status="PASS">
          <reporter-output>
          </reporter-output>
        </test-method> <!-- verifySearchProduct -->
        <test-method is-config="true" signature="tearDown()[pri:0, instance:tests.ProductsTest@58e1d9d]" started-at="2026-02-16T23:52:39 IST" name="tearDown" finished-at="2026-02-16T23:52:39 IST" duration-ms="327" status="PASS">
          <reporter-output>
          </reporter-output>
        </test-method> <!-- tearDown -->
        <test-method is-config="true" signature="setUp()[pri:0, instance:tests.ProductsTest@58e1d9d]" started-at="2026-02-16T23:52:39 IST" name="setUp" finished-at="2026-02-16T23:52:45 IST" duration-ms="6344" status="PASS">
          <reporter-output>
          </reporter-output>
        </test-method> <!-- setUp -->
        <test-method signature="verifyViewProductNavigation()[pri:0, instance:tests.ProductsTest@58e1d9d]" started-at="2026-02-16T23:52:45 IST" name="verifyViewProductNavigation" finished-at="2026-02-16T23:52:50 IST" duration-ms="4752" status="PASS">
          <reporter-output>
          </reporter-output>
        </test-method> <!-- verifyViewProductNavigation -->
        <test-method is-config="true" signature="tearDown()[pri:0, instance:tests.ProductsTest@58e1d9d]" started-at="2026-02-16T23:52:50 IST" name="tearDown" finished-at="2026-02-16T23:52:50 IST" duration-ms="310" status="PASS">
          <reporter-output>
          </reporter-output>
        </test-method> <!-- tearDown -->
      </class> <!-- tests.ProductsTest -->
    </test> <!-- RegressionTests -->
  </suite> <!-- AutomationSuite -->
</testng-results>
