<?xml version="1.0" encoding="UTF-8"?>
<testng-results ignored="0" total="1" passed="1" failed="0" skipped="0">
  <reporter-output>
  </reporter-output>
  <suite started-at="2026-02-16T10:50:30 IST" name="Default suite" finished-at="2026-02-16T10:50:42 IST" duration-ms="12205">
    <groups>
    </groups>
    <test started-at="2026-02-16T10:50:30 IST" name="Default test" finished-at="2026-02-16T10:50:42 IST" duration-ms="12205">
      <class name="tests.CartTest">
        <test-method is-config="true" signature="setUp()[pri:0, instance:tests.CartTest@557caf28]" started-at="2026-02-16T10:50:30 IST" name="setUp" finished-at="2026-02-16T10:50:36 IST" duration-ms="5841" status="PASS">
          <reporter-output>
          </reporter-output>
        </test-method> <!-- setUp -->
        <test-method signature="verifyRemoveProductFromCart()[pri:0, instance:tests.CartTest@557caf28]" started-at="2026-02-16T10:50:36 IST" name="verifyRemoveProductFromCart" finished-at="2026-02-16T10:50:42 IST" duration-ms="6101" status="PASS">
          <reporter-output>
          </reporter-output>
        </test-method> <!-- verifyRemoveProductFromCart -->
        <test-method is-config="true" signature="tearDown()[pri:0, instance:tests.CartTest@557caf28]" started-at="2026-02-16T10:50:42 IST" name="tearDown" finished-at="2026-02-16T10:50:42 IST" duration-ms="233" status="PASS">
          <reporter-output>
          </reporter-output>
        </test-method> <!-- tearDown -->
      </class> <!-- tests.CartTest -->
    </test> <!-- Default test -->
  </suite> <!-- Default suite -->
</testng-results>
