<?xml version="1.0" encoding="UTF-8"?>
<!-- Generated by org.testng.reporters.JUnitXMLReporter -->
<testsuite ignored="0" hostname="HITMAN" failures="1" tests="16" name="RegressionTests" time="257.043" errors="0" timestamp="2026-02-16T10:47:04 IST">
  <testcase classname="tests.ContactUsTest" name="verifyContactUsFormSubmission" time="33.378"/>
  <testcase classname="tests.ContactUsTest" name="verifyContactUsPageLoads" time="4.063"/>
  <testcase classname="tests.ContactUsTest" name="verifyFileUploadFieldEnabled" time="2.16"/>
  <testcase classname="tests.ContactUsTest" name="verifyFormSubmissionWithoutData" time="48.685"/>
  <testcase classname="tests.ContactUsTest" name="verifyInvalidEmailFormat" time="15.768"/>
  <testcase classname="tests.HomePageTest" name="verifyCategorySectionVisible" time="0.041"/>
  <testcase classname="tests.HomePageTest" name="verifyFeaturedItemsSection" time="3.398"/>
  <testcase classname="tests.HomePageTest" name="verifyFooterVisible" time="0.053"/>
  <testcase classname="tests.HomePageTest" name="verifyHomePageLoaded" time="0.038"/>
  <testcase classname="tests.HomePageTest" name="verifyScrollUpFeature" time="0.2"/>
  <testcase classname="tests.CartTest" name="verifyCartPageNavigation" time="23.914"/>
  <testcase classname="tests.CartTest" name="verifyProductDetailsInCart" time="12.408"/>
  <testcase classname="tests.CartTest" name="verifyRemoveProductFromCart" time="16.122">
    <failure type="org.openqa.selenium.NoSuchElementException" message="no such element: Unable to locate element: {&amp;quot;method&amp;quot;:&amp;quot;xpath&amp;quot;,&amp;quot;selector&amp;quot;:&amp;quot;//p[contains(text(),&amp;apos;Cart is empty&amp;apos;)]&amp;quot;}
  (Session info: chrome=144.0.7559.133)
For documentation on this error, please visit: https://www.selenium.dev/documentation/webdriver/troubleshooting/errors#no-such-element-exception
Build info: version: &amp;apos;4.22.0&amp;apos;, revision: &amp;apos;c5f3146703*&amp;apos;
System info: os.name: &amp;apos;Windows 11&amp;apos;, os.arch: &amp;apos;amd64&amp;apos;, os.version: &amp;apos;10.0&amp;apos;, java.version: &amp;apos;23.0.1&amp;apos;
Driver info: org.openqa.selenium.chrome.ChromeDriver
Command: [7c434c104ae07998094cdb9c9fdcf91d, findElement {using=xpath, value=//p[contains(text(),&amp;apos;Cart is empty&amp;apos;)]}]
Capabilities {acceptInsecureCerts: false, browserName: chrome, browserVersion: 144.0.7559.133, chrome: {chromedriverVersion: 144.0.7559.133 (7da823b1d59..., userDataDir: C:\Users\ASUS\AppData\Local...}, fedcm:accounts: true, goog:chromeOptions: {debuggerAddress: localhost:62947}, goog:processID: 10244, networkConnectionEnabled: false, pageLoadStrategy: normal, platformName: windows, proxy: Proxy(), se:cdp: ws://localhost:62947/devtoo..., se:cdpVersion: 144.0.7559.133, setWindowRect: true, strictFileInteractability: false, timeouts: {implicit: 0, pageLoad: 300000, script: 30000}, unhandledPromptBehavior: dismiss and notify, webauthn:extension:credBlob: true, webauthn:extension:largeBlob: true, webauthn:extension:minPinLength: true, webauthn:extension:prf: true, webauthn:virtualAuthenticators: true}
Session ID: 7c434c104ae07998094cdb9c9fdcf91d">
      <![CDATA[org.openqa.selenium.NoSuchElementException: no such element: Unable to locate element: {"method":"xpath","selector":"//p[contains(text(),'Cart is empty')]"}
  (Session info: chrome=144.0.7559.133)
For documentation on this error, please visit: https://www.selenium.dev/documentation/webdriver/troubleshooting/errors#no-such-element-exception
Build info: version: '4.22.0', revision: 'c5f3146703*'
System info: os.name: 'Windows 11', os.arch: 'amd64', os.version: '10.0', java.version: '23.0.1'
Driver info: org.openqa.selenium.chrome.ChromeDriver
Command: [7c434c104ae07998094cdb9c9fdcf91d, findElement {using=xpath, value=//p[contains(text(),'Cart is empty')]}]
Capabilities {acceptInsecureCerts: false, browserName: chrome, browserVersion: 144.0.7559.133, chrome: {chromedriverVersion: 144.0.7559.133 (7da823b1d59..., userDataDir: C:\Users\ASUS\AppData\Local...}, fedcm:accounts: true, goog:chromeOptions: {debuggerAddress: localhost:62947}, goog:processID: 10244, networkConnectionEnabled: false, pageLoadStrategy: normal, platformName: windows, proxy: Proxy(), se:cdp: ws://localhost:62947/devtoo..., se:cdpVersion: 144.0.7559.133, setWindowRect: true, strictFileInteractability: false, timeouts: {implicit: 0, pageLoad: 300000, script: 30000}, unhandledPromptBehavior: dismiss and notify, webauthn:extension:credBlob: true, webauthn:extension:largeBlob: true, webauthn:extension:minPinLength: true, webauthn:extension:prf: true, webauthn:virtualAuthenticators: true}
Session ID: 7c434c104ae07998094cdb9c9fdcf91d
at org.openqa.selenium.remote.ErrorCodec.decode(ErrorCodec.java:167)
at org.openqa.selenium.remote.codec.w3c.W3CHttpResponseCodec.decode(W3CHttpResponseCodec.java:138)
at org.openqa.selenium.remote.codec.w3c.W3CHttpResponseCodec.decode(W3CHttpResponseCodec.java:50)
at org.openqa.selenium.remote.HttpCommandExecutor.execute(HttpCommandExecutor.java:190)
at org.openqa.selenium.remote.service.DriverCommandExecutor.invokeExecute(DriverCommandExecutor.java:216)
at org.openqa.selenium.remote.service.DriverCommandExecutor.execute(DriverCommandExecutor.java:174)
at org.openqa.selenium.remote.RemoteWebDriver.execute(RemoteWebDriver.java:518)
at org.openqa.selenium.remote.ElementLocation$ElementFinder$2.findElement(ElementLocation.java:165)
at org.openqa.selenium.remote.ElementLocation.findElement(ElementLocation.java:59)
at org.openqa.selenium.remote.RemoteWebDriver.findElement(RemoteWebDriver.java:355)
at org.openqa.selenium.remote.RemoteWebDriver.findElement(RemoteWebDriver.java:349)
at org.openqa.selenium.support.pagefactory.DefaultElementLocator.findElement(DefaultElementLocator.java:68)
at org.openqa.selenium.support.pagefactory.internal.LocatingElementHandler.invoke(LocatingElementHandler.java:38)
at jdk.proxy2/jdk.proxy2.$Proxy14.isDisplayed(Unknown Source)
at pages.CartPage.isCartEmptyMessageDisplayed(CartPage.java:76)
at tests.CartTest.verifyRemoveProductFromCart(CartTest.java:53)
at java.base/java.util.ArrayList.forEach(ArrayList.java:1597)
... Removed 28 stack frames]]>
    </failure>
  </testcase> <!-- verifyRemoveProductFromCart -->
  <testcase classname="tests.LoginTest" name="verifyLoginWithValidCredentials" time="3.721"/>
  <testcase classname="tests.LoginTest" name="verifyLoginWithInvalidCredentials" time="2.405"/>
  <testcase classname="tests.LoginTest" name="verifyLogoutFunctionality" time="5.099"/>
</testsuite> <!-- RegressionTests -->
