<?xml version="1.0" encoding="UTF-8"?>
<!-- Generated by org.testng.reporters.JUnitReportReporter -->
<testsuite hostname="HITMAN" failures="0" tests="5" name="tests.HomePageTest" time="33.556" errors="0" timestamp="2026-02-16T10:47:04 IST" skipped="0">
  <testcase classname="tests.HomePageTest" name="verifyFeaturedItemsSection" time="9.706"/>
  <testcase classname="tests.HomePageTest" name="verifyCategorySectionVisible" time="5.810"/>
  <testcase classname="tests.HomePageTest" name="verifyScrollUpFeature" time="9.407"/>
  <testcase classname="tests.HomePageTest" name="verifyFooterVisible" time="2.529"/>
  <testcase classname="tests.HomePageTest" name="verifyHomePageLoaded" time="6.104"/>
</testsuite> <!-- tests.HomePageTest -->
