<?xml version="1.0" encoding="UTF-8"?>
<!-- Generated by org.testng.reporters.JUnitXMLReporter -->
<testsuite ignored="0" hostname="HITMAN" failures="1" tests="1" name="RegressionTests" time="15.379" errors="0" timestamp="2026-02-12T13:00:47 IST">
  <testcase classname="tests.HomePageTest" name="verifyTitle" time="5.432">
    <failure type="java.lang.AssertionError" message="expected [true] but found [false]">
      <![CDATA[java.lang.AssertionError: expected [true] but found [false]
at tests.HomePageTest.verifyTitle(HomePageTest.java:13)
at java.base/java.util.ArrayList.forEach(ArrayList.java:1597)
... Removed 29 stack frames]]>
    </failure>
  </testcase> <!-- verifyTitle -->
</testsuite> <!-- RegressionTests -->
