<?xml version="1.0" encoding="UTF-8"?>
<!-- Generated by org.testng.reporters.JUnitXMLReporter -->
<testsuite ignored="2" hostname="HITMAN" failures="0" tests="1" name="Default test" time="12.205" errors="0" timestamp="2026-02-16T10:50:42 IST">
  <testcase classname="tests.CartTest" name="verifyRemoveProductFromCart" time="6.101"/>
  <testcase classname="tests.CartTest" name="verifyCartPageNavigation" time="0.0">
    <ignored/>
  </testcase> <!-- verifyCartPageNavigation -->
  <testcase classname="tests.CartTest" name="verifyProductDetailsInCart" time="0.0">
    <ignored/>
  </testcase> <!-- verifyProductDetailsInCart -->
</testsuite> <!-- Default test -->
